/*C3*/SET SCHEMA PUBLIC
DISCONNECT
/*C4*/SET SCHEMA PUBLIC
INSERT INTO BANK VALUES(1,'\u0422\u0438\u043d\u044c\u043a\u043e\u0444\u0444')
INSERT INTO BANK VALUES(2,'\u0421\u0431\u0435\u0440\u0431\u0430\u043d\u043a')
INSERT INTO BANK VALUES(3,'\u0412\u0422\u0411')
COMMIT
INSERT INTO CLIENT VALUES(1,'pushkin@mail.ru','\u0410\u043b\u0435\u043a\u0441\u0430\u043d\u0434\u0440 \u0421\u0435\u0440\u0433\u0435\u0435\u0432\u0438\u0447 \u041f\u0443\u0448\u043a\u0438\u043d','1234567890','555555')
INSERT INTO CLIENT VALUES(2,'mocart@google.com','\u0412\u043e\u043b\u044c\u0444\u0433\u0430\u043d\u0433 \u0410\u043c\u0430\u0434\u0435\u0439 \u041c\u043e\u0446\u0430\u0440\u0442','987456123','444444')
INSERT INTO CLIENT VALUES(3,'butusov@yandex.ru','\u0412\u044f\u0447\u0435\u0441\u043b\u0430\u0432 \u0413\u0435\u043d\u043d\u0430\u0434\u044c\u0435\u0432\u0438\u0447 \u0411\u0443\u0442\u0443\u0441\u043e\u0432','123654789','333333')
COMMIT
INSERT INTO CREDIT VALUES(1,10000,15.0E0)
INSERT INTO CREDIT VALUES(2,15000,10.0E0)
INSERT INTO CREDIT VALUES(3,20000,20.0E0)
COMMIT
INSERT INTO BANK_CLIENTS VALUES(1,1)
INSERT INTO BANK_CLIENTS VALUES(2,2)
INSERT INTO BANK_CLIENTS VALUES(3,3)
COMMIT
INSERT INTO BANK_CREDITS VALUES(1,1)
INSERT INTO BANK_CREDITS VALUES(2,2)
INSERT INTO BANK_CREDITS VALUES(3,3)
COMMIT
INSERT INTO ROLE VALUES(1,'USER')
COMMIT
INSERT INTO PERSON VALUES(1,'user@test.ru','$2a$12$bqI3z5vKArCmRHEmFrDPwu.LxNB1h5PUnlniahy03AAZK7kLUd5q6','ACTIVE','user')
COMMIT
INSERT INTO PERSON_ROLES VALUES(1,1)
COMMIT
DISCONNECT
/*C5*/SET SCHEMA PUBLIC
DISCONNECT
/*C5*/SET SCHEMA PUBLIC
alter table bank_clients drop constraint UK_6sqi684fpag5ulmrewf6s3fcx
alter table bank_clients add constraint UK_6sqi684fpag5ulmrewf6s3fcx unique (clients_id)
alter table bank_credits drop constraint UK_d16udxk31nldhxuwq1n2iwe2e
alter table bank_credits add constraint UK_d16udxk31nldhxuwq1n2iwe2e unique (credits_id)
alter table credit_offer_chart_of_payments drop constraint UK_72f9k9up0x0rtwnr224aga3su
alter table credit_offer_chart_of_payments add constraint UK_72f9k9up0x0rtwnr224aga3su unique (chart_of_payments_id)
